<?xml version="1.0" encoding="UTF-8"?>
<!-- Generated by org.testng.reporters.JUnitReportReporter -->
<testsuite skipped="0" hostname="Home_Laptop" name="wealus.FrameWorkDevelopment.FrameWork" tests="1" failures="0" timestamp="06 Oct 2022 07:57:15 GMT" time="14.713" errors="0">
  <testcase name="AddingPoductToCart" time="14.713" classname="wealus.FrameWorkDevelopment.FrameWork"/>
</testsuite> <!-- wealus.FrameWorkDevelopment.FrameWork -->
