<?xml version="1.0" encoding="UTF-8"?>
<!-- Generated by org.testng.reporters.JUnitReportReporter -->
<testsuite skipped="0" hostname="Home_Laptop" name="extentReportsemo.ExtentReportsDemo" tests="2" failures="0" timestamp="13 Oct 2022 07:30:08 GMT" time="11.290" errors="0">
  <testcase name="sampleTest" time="6.595" classname="extentReportsemo.ExtentReportsDemo"/>
  <testcase name="sampleTest2" time="4.695" classname="extentReportsemo.ExtentReportsDemo"/>
</testsuite> <!-- extentReportsemo.ExtentReportsDemo -->
