<?xml version="1.0" encoding="UTF-8"?>
<!-- Generated by org.testng.reporters.JUnitReportReporter -->
<testsuite skipped="0" hostname="Home_Laptop" name="extentReportsemo.ExtentReportsDemo" tests="2" failures="0" timestamp="18 Oct 2022 06:57:41 GMT" time="16.316" errors="0">
  <testcase name="sampleTest" time="10.350" classname="extentReportsemo.ExtentReportsDemo"/>
  <testcase name="sampleTest2" time="5.966" classname="extentReportsemo.ExtentReportsDemo"/>
</testsuite> <!-- extentReportsemo.ExtentReportsDemo -->
