<?xml version="1.0" encoding="UTF-8"?>
<!-- Generated by org.testng.reporters.JUnitReportReporter -->
<testsuite skipped="0" hostname="Home_Laptop" name="wealus.FrameWorkDevelopment.FrameWork" tests="1" failures="0" timestamp="29 Sep 2022 09:19:53 GMT" time="13.853" errors="0">
  <testcase name="AddingPoductToCart" time="13.853" classname="wealus.FrameWorkDevelopment.FrameWork"/>
</testsuite> <!-- wealus.FrameWorkDevelopment.FrameWork -->
