<?xml version="1.0" encoding="UTF-8"?>
<!-- Generated by org.testng.reporters.JUnitReportReporter -->
<testsuite skipped="0" hostname="Home_Laptop" name="wealus.FrameWorkDevelopment.FrameWork" tests="2" failures="0" timestamp="07 Oct 2022 07:49:56 GMT" time="25.067" errors="0">
  <testcase name="AddingPoductToCart" time="14.131" classname="wealus.FrameWorkDevelopment.FrameWork"/>
  <testcase name="AddingPoductToCart" time="10.936" classname="wealus.FrameWorkDevelopment.FrameWork"/>
</testsuite> <!-- wealus.FrameWorkDevelopment.FrameWork -->
